<?xml version="1.0" encoding="UTF-8"?>
<coverage generated="1682153046">
  <project timestamp="1682153046">
    <file name="/app/src/CountryVatNumberFormatValidatorsConfigs.php">
      <class name="rocketfellows\CountryVatNumberFormatValidatorsConfig\CountryVatNumberFormatValidatorsConfigs" namespace="global">
        <metrics complexity="19" methods="5" coveredmethods="5" conditionals="0" coveredconditionals="0" statements="29" coveredstatements="29" elements="34" coveredelements="34"/>
      </class>
      <line num="17" type="method" name="__construct" visibility="public" complexity="1" crap="1" count="6"/>
      <line num="19" type="stmt" count="6"/>
      <line num="22" type="method" name="current" visibility="public" complexity="1" crap="1" count="4"/>
      <line num="24" type="stmt" count="4"/>
      <line num="27" type="method" name="getCountryValidators" visibility="public" complexity="6" crap="6" count="14"/>
      <line num="30" type="stmt" count="14"/>
      <line num="32" type="stmt" count="14"/>
      <line num="33" type="stmt" count="12"/>
      <line num="34" type="stmt" count="12"/>
      <line num="37" type="stmt" count="12"/>
      <line num="38" type="stmt" count="10"/>
      <line num="39" type="stmt" count="6"/>
      <line num="42" type="stmt" count="10"/>
      <line num="46" type="stmt" count="14"/>
      <line num="47" type="stmt" count="14"/>
      <line num="50" type="method" name="getValidatorsByCountryCode" visibility="public" complexity="8" crap="8" count="42"/>
      <line num="53" type="stmt" count="42"/>
      <line num="54" type="stmt" count="42"/>
      <line num="56" type="stmt" count="42"/>
      <line num="58" type="stmt" count="36"/>
      <line num="59" type="stmt" count="36"/>
      <line num="60" type="stmt" count="36"/>
      <line num="62" type="stmt" count="36"/>
      <line num="65" type="stmt" count="36"/>
      <line num="66" type="stmt" count="30"/>
      <line num="67" type="stmt" count="18"/>
      <line num="70" type="stmt" count="30"/>
      <line num="74" type="stmt" count="42"/>
      <line num="75" type="stmt" count="42"/>
      <line num="83" type="method" name="isExistValidatorInGivenArray" visibility="private" complexity="3" crap="3" count="40"/>
      <line num="87" type="stmt" count="40"/>
      <line num="88" type="stmt" count="32"/>
      <line num="89" type="stmt" count="24"/>
      <line num="93" type="stmt" count="40"/>
      <metrics loc="96" ncloc="86" classes="1" methods="5" coveredmethods="5" conditionals="0" coveredconditionals="0" statements="29" coveredstatements="29" elements="34" coveredelements="34"/>
    </file>
    <file name="/app/src/CountryVatNumberValidatorsConfig.php">
      <class name="rocketfellows\CountryVatNumberFormatValidatorsConfig\CountryVatNumberValidatorsConfig" namespace="global">
        <metrics complexity="3" methods="3" coveredmethods="3" conditionals="0" coveredconditionals="0" statements="4" coveredstatements="4" elements="7" coveredelements="7"/>
      </class>
      <line num="13" type="method" name="__construct" visibility="public" complexity="1" crap="1" count="4"/>
      <line num="15" type="stmt" count="4"/>
      <line num="16" type="stmt" count="4"/>
      <line num="19" type="method" name="getCountry" visibility="public" complexity="1" crap="1" count="3"/>
      <line num="21" type="stmt" count="3"/>
      <line num="24" type="method" name="getValidators" visibility="public" complexity="1" crap="1" count="3"/>
      <line num="26" type="stmt" count="3"/>
      <metrics loc="29" ncloc="29" classes="1" methods="3" coveredmethods="3" conditionals="0" coveredconditionals="0" statements="4" coveredstatements="4" elements="7" coveredelements="7"/>
    </file>
    <metrics files="2" loc="125" ncloc="115" classes="2" methods="8" coveredmethods="8" conditionals="0" coveredconditionals="0" statements="33" coveredstatements="33" elements="41" coveredelements="41"/>
  </project>
</coverage>
